[dotenv@17.2.0] injecting env (0) from .env (tip: 🔐 prevent committing .env to code: https://dotenvx.com/precommit)
Server running at http://localhost:3001
Logging is enabled - all requests and responses will be logged
[2025-07-15T13:29:40.277Z] GET /
[2025-07-15T13:29:46.527Z] GET /dashboard.html
[2025-07-15T13:29:46.785Z] GET /list-users
[2025-07-15T13:29:50.055Z] GET /dashboard.html
[2025-07-15T13:29:50.282Z] GET /list-users
[2025-07-15T13:29:53.932Z] GET /dashboard.html
[2025-07-15T13:29:54.196Z] GET /list-users
[2025-07-15T13:29:55.171Z] GET /signup.html
[2025-07-15T13:29:55.567Z] GET /signup.html
[2025-07-15T13:30:08.517Z] POST /create-user
String to sign: 1752586208532POST/user/create0db79377d8def843ef02146727b54697
Striga API request: POST https://www.sandbox.striga.com/api/v1/user/create
Timestamp (ms): 1752586208532
Signature: f3cac5b49a5410222da220f2c436a27711d7f50850182b4fe06d8b72c08c66bb
Request payload: {
  "firstName": "Test",
  "lastName": "User",
  "email": "user1752586208513@example.com",
  "mobile": {
    "countryCode": "+49",
    "number": "15257417081"
  }
}
Striga API response (201): {
  "userId": "0fd5ff8e-6307-4fa2-935a-08c676aa8197",
  "email": "user1752586208513@example.com",
  "mobile": {
    "countryCode": "+372",
    "number": "59899637"
  },
  "KYC": {
    "emailVerified": false,
    "mobileVerified": false,
    "status": "NOT_STARTED"
  },
  "emailVerification": {
    "dateExpires": "2025-07-15T13:35:09.776Z"
  },
  "mobileVerification": {
    "dateExpires": "2025-07-15T13:35:09.776Z"
  },
  "missingFields": [
    "dateOfBirth",
    "address"
  ]
}
[2025-07-15T13:30:10.717Z] POST /send-phone-otp
String to sign: 1752586210718POST/user/verify-mobile4dfe94128a6d0d2f0e06ab73e0de8387
Striga API request: POST https://www.sandbox.striga.com/api/v1/user/verify-mobile
Timestamp (ms): 1752586210718
Signature: 21a65731f6dde49d270a9a56ec209f0174438ef03654d0e2d76ea52be824c2fe
Request payload: {
  "userId": "0fd5ff8e-6307-4fa2-935a-08c676aa8197",
  "mobile": "+4915257417081"
}
Striga API response (400): {
  "message": "Invalid fields --> Invalid value",
  "errorCode": "00002",
  "errorDetails": [
    {
      "msg": "Invalid value",
      "param": "verificationCode",
      "location": "body"
    }
  ]
}
[2025-07-15T13:30:26.226Z] POST /verify-phone
String to sign: 1752586226227POST/user/verify-mobile/confirmb9104fab87a0b1b22834a479a70e61f3
Striga API request: POST https://www.sandbox.striga.com/api/v1/user/verify-mobile/confirm
Timestamp (ms): 1752586226227
Signature: 711cf545840efb4ec5ceb412fc0fd47f20ce2394405fce068457350fa18f57a3
Request payload: {
  "userId": "0fd5ff8e-6307-4fa2-935a-08c676aa8197",
  "verificationCode": "99999"
}
Non-JSON response from Striga (404): <!DOCTYPE html>
<html lang="en">
<head>
<meta charset="utf-8">
<title>Error</title>
</head>
<body>
<pre>Cannot POST /user/verify-mobile/confirm</pre>
</body>
</html>

Striga API response (404): {
  "error": "Non-JSON response from API",
  "status": 404,
  "body": "<!DOCTYPE html>\n<html lang=\"en\">\n<head>\n<meta charset=\"utf-8\">\n<title>Error</title>\n</head>\n<body>\n<pre>Cannot POST /user/verify-mobile/confirm</pre>\n</body>\n</html>\n..."
}
[2025-07-15T13:32:05.387Z] GET /list-users
[2025-07-15T13:32:09.583Z] GET /dashboard.html
[2025-07-15T13:32:09.862Z] GET /list-users
[2025-07-15T13:32:10.423Z] GET /list-users
[2025-07-15T13:32:11.198Z] GET /list-users
[2025-07-15T13:32:11.371Z] GET /list-users
[2025-07-15T13:32:11.546Z] GET /list-users
[2025-07-15T13:32:11.755Z] GET /list-users
[2025-07-15T13:32:17.114Z] GET /signup.html
[2025-07-15T13:32:24.102Z] POST /create-user
String to sign: 1752586344107POST/user/create7e40ecc3eea4093e18393dd239e0ddf9
Striga API request: POST https://www.sandbox.striga.com/api/v1/user/create
Timestamp (ms): 1752586344107
Signature: 720790ae446977fd69e619b710dfbdb3ffc940b9d6a6f8613461b19457b0ff9a
Request payload: {
  "firstName": "Test",
  "lastName": "User",
  "email": "user1752586344098@example.com",
  "mobile": {
    "countryCode": "+1",
    "number": "3103408213"
  }
}
Striga API response (201): {
  "userId": "b1edebfa-5532-4f4c-b004-86ab28ef31c0",
  "email": "user1752586344098@example.com",
  "mobile": {
    "countryCode": "+372",
    "number": "59892868"
  },
  "KYC": {
    "emailVerified": false,
    "mobileVerified": false,
    "status": "NOT_STARTED"
  },
  "emailVerification": {
    "dateExpires": "2025-07-15T13:37:25.244Z"
  },
  "mobileVerification": {
    "dateExpires": "2025-07-15T13:37:25.244Z"
  },
  "missingFields": [
    "dateOfBirth",
    "address"
  ]
}
[2025-07-15T13:32:26.240Z] POST /send-phone-otp
String to sign: 1752586346241POST/user/verify-mobilefc4c18d5d2bd1595478820593009e2dd
Striga API request: POST https://www.sandbox.striga.com/api/v1/user/verify-mobile
Timestamp (ms): 1752586346241
Signature: dedba88adcbb469fec8fd90c8707c84e624a0ff24e7b822c9d5b855e5aa731cb
Request payload: {
  "userId": "b1edebfa-5532-4f4c-b004-86ab28ef31c0",
  "mobile": "+13103408213"
}
Striga API response (400): {
  "message": "Invalid fields --> Invalid value",
  "errorCode": "00002",
  "errorDetails": [
    {
      "msg": "Invalid value",
      "param": "verificationCode",
      "location": "body"
    }
  ]
}
[2025-07-15T13:55:41.151Z] GET /
[2025-07-15T13:55:50.942Z] GET /sms-info.html
[2025-07-15T13:55:51.855Z] GET /sms-info.html
[2025-07-15T13:55:55.652Z] GET /signup.html
[2025-07-15T13:56:14.828Z] POST /create-user
String to sign: 1752587774868POST/user/create8cea16f84b796bebbfc84bc751cd7a84
Striga API request: POST https://www.sandbox.striga.com/api/v1/user/create
Timestamp (ms): 1752587774868
Signature: 6f6687814549fb08003e4746cdab5710298b48aa4ddb3a5b3c20294d2d485df5
Request payload: {
  "firstName": "Test",
  "lastName": "User",
  "email": "user1752587774824@example.com",
  "mobile": {
    "countryCode": "+49",
    "number": "15257417081"
  }
}
Striga API response (201): {
  "userId": "3c0ec1c7-470b-4f96-be85-401b5efd99af",
  "email": "user1752587774824@example.com",
  "mobile": {
    "countryCode": "+372",
    "number": "59895270"
  },
  "KYC": {
    "emailVerified": false,
    "mobileVerified": false,
    "status": "NOT_STARTED"
  },
  "emailVerification": {
    "dateExpires": "2025-07-15T14:01:16.036Z"
  },
  "mobileVerification": {
    "dateExpires": "2025-07-15T14:01:16.036Z"
  },
  "missingFields": [
    "dateOfBirth",
    "address"
  ]
}
[2025-07-15T13:57:18.223Z] POST /resend-phone-otp
